cargo : warning: `default_features` is deprecated in favor of 
`default-features` and will not work in the 2024 edition
At line:1 char:1
+ cargo build --release -v 2>&1 | Out-File -FilePath build.log -Encodin ...
+ ~~~~~~~~~~~~~~~~~~~~~~~~~~~~~
    + CategoryInfo          : NotSpecified: (warning: `defau...he 2024 editi 
   on:String) [], RemoteException
    + FullyQualifiedErrorId : NativeCommandError
 
(in the `tower-http` dependency)
       Fresh version_check v0.9.4
       Fresh unicode-ident v1.0.12
       Fresh autocfg v1.1.0
       Fresh cc v1.0.83
       Fresh cfg-if v1.0.0
       Fresh proc-macro2 v1.0.69
       Fresh quote v1.0.33
       Fresh windows_x86_64_msvc v0.48.5
       Fresh syn v2.0.38
       Fresh windows-targets v0.48.5
       Fresh serde_derive v1.0.189
       Fresh tracing-attributes v0.1.27
       Fresh futures-macro v0.3.29
       Fresh typenum v1.17.0
       Fresh tokio-macros v2.1.0
       Fresh num_cpus v1.16.0
       Fresh generic-array v0.14.7
       Fresh windows-sys v0.48.0
       Fresh getrandom v0.2.10
       Fresh fnv v1.0.7
       Fresh crypto-common v0.1.6
       Fresh block-buffer v0.10.4
       Fresh http v0.2.9
       Fresh subtle v2.4.1
       Fresh once_cell v1.18.0
       Fresh thiserror-impl v1.0.50
       Fresh digest v0.10.7
       Fresh winapi v0.3.9
       Fresh serde v1.0.189
       Fresh futures-core v0.3.29
       Fresh pin-project-lite v0.2.13
       Fresh tinyvec_macros v0.1.1
       Fresh tinyvec v1.6.0
       Fresh scopeguard v1.2.0
       Fresh untrusted v0.7.1
       Fresh smallvec v1.11.1
       Fresh memchr v2.6.4
       Fresh spin v0.5.2
       Fresh unicode-normalization v0.1.22
       Fresh paste v1.0.14
       Fresh lock_api v0.4.11
       Fresh parking_lot_core v0.9.9
       Fresh ring v0.16.20
       Fresh tokio-util v0.7.10
       Fresh socket2 v0.5.4
       Fresh mio v0.8.8
       Fresh futures-sink v0.3.29
       Fresh percent-encoding v2.3.0
       Fresh unicode-bidi v0.3.13
       Fresh bytes v1.5.0
       Fresh mime v0.3.17
       Fresh tower-service v0.3.2
       Fresh cpufeatures v0.2.9
       Fresh form_urlencoded v1.2.0
       Fresh futures-task v0.3.29
       Fresh tokio v1.33.0
       Fresh ahash v0.8.3
       Fresh parking_lot v0.12.1
       Fresh slab v0.4.9
       Fresh rustversion v1.0.14
       Fresh http-body v0.4.5
       Fresh tracing-core v0.1.32
       Fresh base64 v0.21.4
       Fresh itoa v1.0.9
       Fresh futures-io v0.3.29
       Fresh allocator-api2 v0.2.16
       Fresh ryu v1.0.15
       Fresh httpdate v1.0.3
       Fresh hashbrown v0.12.3
       Fresh pin-utils v0.1.0
       Fresh log v0.4.20
       Fresh hashbrown v0.14.2
       Fresh serde_json v1.0.108
       Fresh tracing v0.1.40
       Fresh indexmap v1.9.3
       Fresh futures-util v0.3.29
       Fresh httparse v1.8.0
       Fresh futures-channel v0.3.29
       Fresh idna v0.4.0
       Fresh rustls-webpki v0.101.6
       Fresh either v1.9.0
       Fresh rand_core v0.6.4
       Fresh digest v0.9.0
       Fresh openssl-src v300.5.5+3.5.5
       Fresh try-lock v0.2.4
       Fresh opaque-debug v0.3.0
       Fresh byteorder v1.5.0
       Fresh vcpkg v0.2.15
       Fresh minimal-lexical v0.2.1
       Fresh ppv-lite86 v0.2.17
       Fresh pkg-config v0.3.27
       Fresh rand_chacha v0.3.1
       Fresh want v0.3.1
       Fresh nom v7.1.3
       Fresh itertools v0.11.0
       Fresh url v2.4.1
       Fresh crossbeam-utils v0.8.16
       Fresh num-traits v0.2.17
       Fresh h2 v0.3.21
       Fresh sct v0.7.0
       Fresh sha1 v0.10.6
       Fresh socket2 v0.4.9
       Fresh schannel v0.1.22
       Fresh block-buffer v0.9.0
       Fresh unicode_categories v0.1.1
       Fresh unicode-segmentation v1.10.1
       Fresh crc-catalog v2.2.0
       Fresh spin v0.9.8
       Fresh tower-layer v0.3.2
       Fresh bitflags v2.4.1
       Fresh equivalent v1.0.1
       Fresh fastrand v2.0.1
       Fresh thiserror v1.0.50
       Fresh native-tls v0.2.11
       Fresh hyper v0.14.27
       Fresh crossbeam-queue v0.3.8
       Fresh indexmap v2.0.2
       Fresh tempfile v3.8.0
       Fresh sqlformat v0.2.2
       Fresh rustls v0.21.7
       Fresh heck v0.4.1
       Fresh crc v3.0.1
       Fresh atoi v2.0.0
       Fresh unicase v2.7.0
       Fresh rand v0.8.5
       Fresh syn v1.0.109
       Fresh webpki-roots v0.24.0
       Fresh hashlink v0.8.4
       Fresh rustls-pemfile v1.0.3
       Fresh sha2 v0.10.8
       Fresh hmac v0.12.1
       Fresh uuid v1.5.0
       Fresh tokio-stream v0.1.14
       Fresh futures-intrusive v0.5.0
       Fresh home v0.5.5
       Fresh pin-project-internal v1.1.3
       Fresh encoding_rs v0.8.33
       Fresh hex v0.4.3
       Fresh dotenvy v0.15.7
       Fresh regex-syntax v0.6.29
       Fresh lazy_static v1.4.0
       Fresh finl_unicode v1.2.0
       Fresh event-listener v2.5.3
       Fresh regex-syntax v0.8.2
       Fresh stringprep v0.1.4
       Fresh regex-automata v0.1.10
       Fresh regex-automata v0.4.3
       Fresh pin-project v1.1.3
       Fresh sqlx-core v0.7.2
       Fresh sqlx-macros-core v0.7.2
       Fresh etcetera v0.8.0
       Fresh hkdf v0.12.3
       Fresh async-trait v0.1.74
       Fresh mime_guess v2.0.4
       Fresh libc v0.2.149
       Fresh tokio-native-tls v0.3.1
       Fresh serde_urlencoded v0.7.1
       Fresh headers-core v0.2.0
       Fresh md-5 v0.10.6
       Fresh crypto-mac v0.10.1
       Fresh cipher v0.2.5
       Fresh whoami v1.4.1
       Fresh overload v0.1.1
       Fresh foreign-types-shared v0.1.1
       Fresh untrusted v0.9.0
       Fresh blowfish v0.7.0
       Fresh hmac v0.10.1
       Fresh sqlx-postgres v0.7.2
       Fresh foreign-types v0.3.2
       Fresh hyper-tls v0.5.0
       Fresh nu-ansi-term v0.46.0
       Fresh headers v0.3.9
       Fresh openssl-sys v0.9.93
       Fresh multer v2.1.0
       Fresh ring v0.17.5
       Fresh matchers v0.1.0
       Fresh regex v1.10.2
       Fresh sqlx-macros v0.7.2
       Fresh tower v0.4.13
       Fresh axum-core v0.3.4
       Fresh sharded-slab v0.1.7
       Fresh tracing-log v0.1.3
       Fresh sha2 v0.9.9
       Fresh sha-1 v0.9.8
       Fresh md-5 v0.9.1
       Fresh serde_path_to_error v0.1.14
       Fresh futures-executor v0.3.29
       Fresh async-stream-impl v0.3.6
       Fresh openssl-macros v0.1.1
       Fresh winreg v0.50.0
       Fresh thread_local v1.1.7
       Fresh sync_wrapper v0.1.2
       Fresh ipnet v2.9.0
       Fresh bitflags v1.3.2
       Fresh matchit v0.7.3
       Fresh http-range-header v0.3.1
       Fresh pwhash v1.0.0
       Fresh jsonwebtoken v9.1.0
       Fresh axum v0.6.20
       Fresh futures v0.3.29
       Fresh async-stream v0.3.6
       Fresh tower-http v0.4.4
       Fresh tracing-subscriber v0.3.17
       Fresh openssl v0.10.57
       Fresh reqwest v0.11.22
       Fresh sqlx v0.7.2
       Dirty pentaract v0.1.0 (E:\GAME 
PROJECT\Pentaract\cloud-computing\pentaract): couldn't read metadata for 
file `target\release\deps\pentaract.exe`
   Compiling pentaract v0.1.0 (E:\GAME 
PROJECT\Pentaract\cloud-computing\pentaract)
     Running `C:\Users\fahad\.rustup\toolchains\stable-x86_64-pc-windows-msvc
\bin\rustc.exe --crate-name pentaract --edition=2021 src\main.rs 
--error-format=json 
--json=diagnostic-rendered-ansi,artifacts,future-incompat --crate-type bin 
--emit=dep-info,link -C opt-level=3 -C embed-bitcode=no -C codegen-units=1 
--check-cfg cfg(docsrs,test) --check-cfg "cfg(feature, values())" -C 
metadata=702b94f82fd0e650 --out-dir "E:\GAME 
PROJECT\Pentaract\cloud-computing\pentaract\target\release\deps" -C 
strip=symbols -L "dependency=E:\GAME 
PROJECT\Pentaract\cloud-computing\pentaract\target\release\deps" --extern 
"async_stream=E:\GAME PROJECT\Pentaract\cloud-computing\pentaract\target\rele
ase\deps\libasync_stream-d1332692172e7e9b.rlib" --extern "axum=E:\GAME PROJEC
T\Pentaract\cloud-computing\pentaract\target\release\deps\libaxum-59b4db36b31
1da55.rlib" --extern "futures=E:\GAME PROJECT\Pentaract\cloud-computing\penta
ract\target\release\deps\libfutures-1797d40725ed119e.rlib" --extern 
"jsonwebtoken=E:\GAME PROJECT\Pentaract\cloud-computing\pentaract\target\rele
ase\deps\libjsonwebtoken-1dc7c3b0cf3ae7cf.rlib" --extern "mime_guess=E:\GAME 
PROJECT\Pentaract\cloud-computing\pentaract\target\release\deps\libmime_guess
-79d7a2a56f22a7d1.rlib" --extern "openssl=E:\GAME PROJECT\Pentaract\cloud-com
puting\pentaract\target\release\deps\libopenssl-f9e5aaf3be9993b2.rlib" 
--extern "pwhash=E:\GAME PROJECT\Pentaract\cloud-computing\pentaract\target\r
elease\deps\libpwhash-f1b2ffd0b9f999c0.rlib" --extern "reqwest=E:\GAME PROJEC
T\Pentaract\cloud-computing\pentaract\target\release\deps\libreqwest-c2d529d7
0c0cb85e.rlib" --extern "serde=E:\GAME PROJECT\Pentaract\cloud-computing\pent
aract\target\release\deps\libserde-c1c57c8bcb72c1d7.rlib" --extern 
"sqlx=E:\GAME PROJECT\Pentaract\cloud-computing\pentaract\target\release\deps
\libsqlx-901a173ab067d3f7.rlib" --extern "thiserror=E:\GAME PROJECT\Pentaract
\cloud-computing\pentaract\target\release\deps\libthiserror-ce5578deab74329a.
rlib" --extern "tokio=E:\GAME PROJECT\Pentaract\cloud-computing\pentaract\tar
get\release\deps\libtokio-525e1101c5e5ea0f.rlib" --extern 
"tokio_util=E:\GAME PROJECT\Pentaract\cloud-computing\pentaract\target\releas
e\deps\libtokio_util-031622d2a469ad78.rlib" --extern "tower=E:\GAME PROJECT\P
entaract\cloud-computing\pentaract\target\release\deps\libtower-abad56cb0b4d9
f0c.rlib" --extern "tower_http=E:\GAME PROJECT\Pentaract\cloud-computing\pent
aract\target\release\deps\libtower_http-439a186aa914a605.rlib" --extern 
"tracing=E:\GAME PROJECT\Pentaract\cloud-computing\pentaract\target\release\d
eps\libtracing-a69ec73138ab9cad.rlib" --extern "tracing_subscriber=E:\GAME PR
OJECT\Pentaract\cloud-computing\pentaract\target\release\deps\libtracing_subs
criber-3392f04feb9f9d02.rlib" --extern "uuid=E:\GAME PROJECT\Pentaract\cloud-
computing\pentaract\target\release\deps\libuuid-672f9902140447b1.rlib" -L 
"native=E:\GAME PROJECT\Pentaract\cloud-computing\pentaract\target\release\bu
ild\ring-459d4827e8cf4210\out" -L "native=E:\GAME PROJECT\Pentaract\cloud-com
puting\pentaract\target\release\build\openssl-sys-5cfadfc4bb2fa801\out\openss
l-build\install\lib" -L "native=E:\GAME PROJECT\Pentaract\cloud-computing\pen
taract\target\release\build\ring-bf7c4250dd8062ed\out" -L native=C:\Users\fah
ad\.cargo\registry\src\index.crates.io-1949cf8c6b5b557f\windows_x86_64_msvc-0
.48.5\lib`
warning: unused import: `Serialize`
 --> src\schemas\files.rs:2:26
  |
2 | use serde::{Deserialize, Serialize};
  |                          ^^^^^^^^^
  |
  = note: `#[warn(unused_imports)]` (part of `#[warn(unused)]`) on by default

warning: unused import: `models::files::File`
 --> src\schemas\files.rs:5:38
  |
5 | use crate::{common::types::Position, models::files::File};
  |                                      ^^^^^^^^^^^^^^^^^^^

warning: unused import: `DownloadFileData`
 --> src\services\files.rs:8:20
  |
8 |         channels::{DownloadFileData, UploadFileData},
  |                    ^^^^^^^^^^^^^^^^

warning: value assigned to `suffix` is never read
  --> src\repositories\files.rs:76:21
   |
76 |             let mut suffix = String::new();
   |                     ^^^^^^
   |
   = help: maybe it is overwritten before being read?
   = note: `#[warn(unused_assignments)]` (part of `#[warn(unused)]`) on by 
default

warning: unused variable: `chunks`
  --> src\services\storage_manager.rs:64:13
   |
64 |         let chunks = join_all(futures_)
   |             ^^^^^^ help: if this is intentional, prefix it with an 
underscore: `_chunks`
   |
   = note: `#[warn(unused_variables)]` (part of `#[warn(unused)]`) on by 
default

error[E0433]: failed to resolve: use of unresolved module or unlinked crate 
`dotenvy`
  --> src\main.rs:31:5
   |
31 |     dotenvy::dotenv().ok();
   |     ^^^^^^^ use of unresolved module or unlinked crate `dotenvy`
   |
   = help: if you wanted to use a crate named `dotenvy`, use `cargo add 
dotenvy` to add it to your `Cargo.toml`

For more information about this error, try `rustc --explain E0433`.
warning: `pentaract` (bin "pentaract") generated 5 warnings
error: could not compile `pentaract` (bin "pentaract") due to 1 previous 
error; 5 warnings emitted

Caused by:
  process didn't exit successfully: `C:\Users\fahad\.rustup\toolchains\stable
-x86_64-pc-windows-msvc\bin\rustc.exe --crate-name pentaract --edition=2021 
src\main.rs --error-format=json 
--json=diagnostic-rendered-ansi,artifacts,future-incompat --crate-type bin 
--emit=dep-info,link -C opt-level=3 -C embed-bitcode=no -C codegen-units=1 
--check-cfg cfg(docsrs,test) --check-cfg "cfg(feature, values())" -C 
metadata=702b94f82fd0e650 --out-dir "E:\GAME 
PROJECT\Pentaract\cloud-computing\pentaract\target\release\deps" -C 
strip=symbols -L "dependency=E:\GAME 
PROJECT\Pentaract\cloud-computing\pentaract\target\release\deps" --extern 
"async_stream=E:\GAME PROJECT\Pentaract\cloud-computing\pentaract\target\rele
ase\deps\libasync_stream-d1332692172e7e9b.rlib" --extern "axum=E:\GAME PROJEC
T\Pentaract\cloud-computing\pentaract\target\release\deps\libaxum-59b4db36b31
1da55.rlib" --extern "futures=E:\GAME PROJECT\Pentaract\cloud-computing\penta
ract\target\release\deps\libfutures-1797d40725ed119e.rlib" --extern 
"jsonwebtoken=E:\GAME PROJECT\Pentaract\cloud-computing\pentaract\target\rele
ase\deps\libjsonwebtoken-1dc7c3b0cf3ae7cf.rlib" --extern "mime_guess=E:\GAME 
PROJECT\Pentaract\cloud-computing\pentaract\target\release\deps\libmime_guess
-79d7a2a56f22a7d1.rlib" --extern "openssl=E:\GAME PROJECT\Pentaract\cloud-com
puting\pentaract\target\release\deps\libopenssl-f9e5aaf3be9993b2.rlib" 
--extern "pwhash=E:\GAME PROJECT\Pentaract\cloud-computing\pentaract\target\r
elease\deps\libpwhash-f1b2ffd0b9f999c0.rlib" --extern "reqwest=E:\GAME PROJEC
T\Pentaract\cloud-computing\pentaract\target\release\deps\libreqwest-c2d529d7
0c0cb85e.rlib" --extern "serde=E:\GAME PROJECT\Pentaract\cloud-computing\pent
aract\target\release\deps\libserde-c1c57c8bcb72c1d7.rlib" --extern 
"sqlx=E:\GAME PROJECT\Pentaract\cloud-computing\pentaract\target\release\deps
\libsqlx-901a173ab067d3f7.rlib" --extern "thiserror=E:\GAME PROJECT\Pentaract
\cloud-computing\pentaract\target\release\deps\libthiserror-ce5578deab74329a.
rlib" --extern "tokio=E:\GAME PROJECT\Pentaract\cloud-computing\pentaract\tar
get\release\deps\libtokio-525e1101c5e5ea0f.rlib" --extern 
"tokio_util=E:\GAME PROJECT\Pentaract\cloud-computing\pentaract\target\releas
e\deps\libtokio_util-031622d2a469ad78.rlib" --extern "tower=E:\GAME PROJECT\P
entaract\cloud-computing\pentaract\target\release\deps\libtower-abad56cb0b4d9
f0c.rlib" --extern "tower_http=E:\GAME PROJECT\Pentaract\cloud-computing\pent
aract\target\release\deps\libtower_http-439a186aa914a605.rlib" --extern 
"tracing=E:\GAME PROJECT\Pentaract\cloud-computing\pentaract\target\release\d
eps\libtracing-a69ec73138ab9cad.rlib" --extern "tracing_subscriber=E:\GAME PR
OJECT\Pentaract\cloud-computing\pentaract\target\release\deps\libtracing_subs
criber-3392f04feb9f9d02.rlib" --extern "uuid=E:\GAME PROJECT\Pentaract\cloud-
computing\pentaract\target\release\deps\libuuid-672f9902140447b1.rlib" -L 
"native=E:\GAME PROJECT\Pentaract\cloud-computing\pentaract\target\release\bu
ild\ring-459d4827e8cf4210\out" -L "native=E:\GAME PROJECT\Pentaract\cloud-com
puting\pentaract\target\release\build\openssl-sys-5cfadfc4bb2fa801\out\openss
l-build\install\lib" -L "native=E:\GAME PROJECT\Pentaract\cloud-computing\pen
taract\target\release\build\ring-bf7c4250dd8062ed\out" -L native=C:\Users\fah
ad\.cargo\registry\src\index.crates.io-1949cf8c6b5b557f\windows_x86_64_msvc-0
.48.5\lib` (exit code: 1)
